{"meta":"someMeta","desgraca":{"msg":"pouca é brinquedo","pqp":"pqp","porra":{"1":"caralho","2":{"bleh":"vai tomar no cu","bleh2":"vai tomar no cu"}}},"level":"debug","message":"","timestamp":"2016-02-18T18:11:41.468Z"}
{"meta":"someMeta","desgraca":{"msg":"pouca é brinquedo","pqp":"pqp","porra":{"1":"caralho","2":{"bleh":"vai tomar no cu","bleh2":"vai tomar no cu"}}},"level":"debug","message":"mensagem custom","timestamp":"2016-02-18T18:19:44.411Z"}
{"meta":"someMeta","desgraca":{"msg":"pouca é brinquedo","pqp":"pqp","porra":{"1":"caralho","2":{"bleh":"vai tomar no cu","bleh2":"vai tomar no cu"}}},"level":"debug","message":"mensagem custom","timestamp":"2016-02-18T18:29:25.971Z"}
{"meta":"someMeta","desgraca":{"msg":"pouca é brinquedo","pqp":"pqp","porra":{"1":"caralho","2":{"bleh":"vai tomar no cu","bleh2":"vai tomar no cu"}}},"level":"debug","message":"mensagem custom","timestamp":"2016-02-18T18:38:18.506Z"}
{"meta":"someMeta","desgraca":{"msg":"pouca é brinquedo","pqp":"pqp","porra":{"1":"caralho","2":{"bleh":"vai tomar no cu","bleh2":"vai tomar no cu"}}},"level":"debug","message":"mensagem custom","timestamp":"2016-02-18T18:39:58.192Z"}
{"meta":"someMeta","desgraca":{"msg":"pouca é brinquedo","pqp":"pqp","porra":{"1":"caralho","2":{"bleh":"vai tomar no cu","bleh2":"vai tomar no cu"}}},"level":"debug","message":"mensagem custom","timestamp":"2016-02-18T18:40:37.568Z"}
{"meta":"someMeta","desgraca":{"msg":"pouca é brinquedo","pqp":"pqp","porra":{"1":"caralho","2":{"bleh":"vai tomar no cu","bleh2":"vai tomar no cu"}}},"level":"debug","message":"mensagem custom","timestamp":"2016-02-18T18:42:34.866Z"}
{"meta":"someMeta","desgraca":{"msg":"pouca é brinquedo","pqp":"pqp","porra":{"1":"caralho","2":{"bleh":"vai tomar no cu","bleh2":"vai tomar no cu"}}},"level":"debug","message":"mensagem custom","timestamp":"2016-02-18T18:45:23.213Z"}
{"meta":"someMeta","desgraca":{"msg":"pouca é brinquedo","pqp":"pqp","porra":{"1":"caralho","2":{"bleh":"vai tomar no cu","bleh2":"vai tomar no cu"}}},"level":"debug","message":"mensagem custom","timestamp":"2016-02-18T18:45:36.184Z"}
{"meta":"someMeta","desgraca":{"msg":"pouca é brinquedo","pqp":"pqp","porra":{"1":"caralho","2":{"bleh":"vai tomar no cu","bleh2":"vai tomar no cu"}}},"level":"debug","message":"mensagem custom","timestamp":"2016-02-18T18:45:51.593Z"}
{"meta":"someMeta","desgraca":{"msg":"pouca é brinquedo","pqp":"pqp","porra":{"1":"caralho","2":{"bleh":"vai tomar no cu","bleh2":"vai tomar no cu"}}},"level":"debug","message":"mensagem custom","timestamp":"2016-02-18T18:46:32.169Z"}
{"meta":"someMeta","desgraca":{"msg":"pouca é brinquedo","pqp":"pqp","porra":{"1":"caralho","2":{"bleh":"vai tomar no cu","bleh2":"vai tomar no cu"}}},"level":"debug","message":"mensagem custom","timestamp":"2016-02-18T18:46:52.147Z"}
{"meta":"someMeta","desgraca":{"msg":"pouca é brinquedo","pqp":"pqp","porra":{"1":"caralho","2":{"bleh":"vai tomar no cu","bleh2":"vai tomar no cu"}}},"level":"debug","message":"mensagem custom","timestamp":"2016-02-18T18:47:25.184Z"}
{"meta":"someMeta","desgraca":{"msg":"pouca é brinquedo","pqp":"pqp","porra":{"1":"caralho","2":{"bleh":"vai tomar no cu","bleh2":"vai tomar no cu"}}},"level":"debug","message":"mensagem custom","timestamp":"2016-02-18T18:48:27.626Z"}
{"meta":"someMeta","desgraca":{"msg":"pouca é brinquedo","pqp":"pqp","porra":{"1":"caralho","2":{"bleh":"vai tomar no cu","bleh2":"vai tomar no cu"}}},"level":"debug","message":"mensagem custom","timestamp":"2016-02-18T18:49:07.036Z"}
{"meta":"someMeta","desgraca":{"msg":"pouca é brinquedo","pqp":"pqp","porra":{"1":"caralho","2":{"bleh":"vai tomar no cu","bleh2":"vai tomar no cu"}}},"level":"debug","message":"mensagem custom","timestamp":"2016-02-18T18:49:39.091Z"}
{"meta":"someMeta","desgraca":{"msg":"pouca é brinquedo","pqp":"pqp","porra":{"1":"caralho","2":{"bleh":"vai tomar no cu","bleh2":"vai tomar no cu"}}},"level":"debug","message":"mensagem custom","timestamp":"2016-02-18T18:49:48.621Z"}
{"meta":"someMeta","desgraca":{"msg":"pouca é brinquedo","pqp":"pqp","porra":{"1":"caralho","2":{"bleh":"vai tomar no cu","bleh2":"vai tomar no cu"}}},"level":"debug","message":"mensagem custom","timestamp":"2016-02-18T18:51:52.093Z"}
{"meta":"someMeta","desgraca":{"msg":"pouca é brinquedo","pqp":"pqp","porra":{"1":"caralho","2":{"bleh":"vai tomar no cu","bleh2":"vai tomar no cu"}}},"level":"debug","message":"mensagem custom","timestamp":"2016-02-18T18:52:15.475Z"}
{"meta":"someMeta","desgraca":{"msg":"pouca é brinquedo","pqp":"pqp","porra":{"1":"caralho","2":{"bleh":"vai tomar no cu","bleh2":"vai tomar no cu"}}},"level":"debug","message":"mensagem custom","timestamp":"2016-02-18T18:53:53.851Z"}
{"meta":"someMeta","desgraca":{"msg":"pouca é brinquedo","pqp":"pqp","porra":{"1":"caralho","2":{"bleh":"vai tomar no cu","bleh2":"vai tomar no cu"}}},"level":"four","message":"mensagem custom","timestamp":"2016-02-18T18:53:53.861Z"}
{"meta":"someMeta","desgraca":{"msg":"pouca é brinquedo","pqp":"pqp","porra":{"1":"caralho","2":{"bleh":"vai tomar no cu","bleh2":"vai tomar no cu"}}},"level":"three","message":"mensagem custom","timestamp":"2016-02-18T18:53:53.864Z"}
{"meta":"someMeta","desgraca":{"msg":"pouca é brinquedo","pqp":"pqp","porra":{"1":"caralho","2":{"bleh":"vai tomar no cu","bleh2":"vai tomar no cu"}}},"level":"two","message":"mensagem custom","timestamp":"2016-02-18T18:53:53.866Z"}
{"meta":"someMeta","desgraca":{"msg":"pouca é brinquedo","pqp":"pqp","porra":{"1":"caralho","2":{"bleh":"vai tomar no cu","bleh2":"vai tomar no cu"}}},"level":"one","message":"mensagem custom","timestamp":"2016-02-18T18:53:53.868Z"}
{"meta":"someMeta","desgraca":{"msg":"pouca é brinquedo","pqp":"pqp","porra":{"1":"caralho","2":{"bleh":"vai tomar no cu","bleh2":"vai tomar no cu"}}},"level":"error","message":"mensagem custom","timestamp":"2016-02-18T18:53:53.870Z"}
{"meta":"someMeta","desgraca":{"msg":"pouca é brinquedo","pqp":"pqp","porra":{"1":"caralho","2":{"bleh":"vai tomar no cu","bleh2":"vai tomar no cu"}}},"level":"debug","message":"mensagem custom","timestamp":"2016-02-18T18:57:29.017Z"}
{"meta":"someMeta","desgraca":{"msg":"pouca é brinquedo","pqp":"pqp","porra":{"1":"caralho","2":{"bleh":"vai tomar no cu","bleh2":"vai tomar no cu"}}},"level":"four","message":"mensagem custom","timestamp":"2016-02-18T18:57:29.026Z"}
{"meta":"someMeta","desgraca":{"msg":"pouca é brinquedo","pqp":"pqp","porra":{"1":"caralho","2":{"bleh":"vai tomar no cu","bleh2":"vai tomar no cu"}}},"level":"three","message":"mensagem custom","timestamp":"2016-02-18T18:57:29.028Z"}
{"meta":"someMeta","desgraca":{"msg":"pouca é brinquedo","pqp":"pqp","porra":{"1":"caralho","2":{"bleh":"vai tomar no cu","bleh2":"vai tomar no cu"}}},"level":"two","message":"mensagem custom","timestamp":"2016-02-18T18:57:29.031Z"}
{"meta":"someMeta","desgraca":{"msg":"pouca é brinquedo","pqp":"pqp","porra":{"1":"caralho","2":{"bleh":"vai tomar no cu","bleh2":"vai tomar no cu"}}},"level":"one","message":"mensagem custom","timestamp":"2016-02-18T18:57:29.034Z"}
{"meta":"someMeta","desgraca":{"msg":"pouca é brinquedo","pqp":"pqp","porra":{"1":"caralho","2":{"bleh":"vai tomar no cu","bleh2":"vai tomar no cu"}}},"level":"error","message":"mensagem custom","timestamp":"2016-02-18T18:57:29.036Z"}
{"meta":"someMeta","desgraca":{"msg":"pouca é brinquedo","pqp":"pqp","porra":{"1":"caralho","2":{"bleh":"vai tomar no cu","bleh2":"vai tomar no cu"}}},"level":"debug","message":"mensagem custom","timestamp":"2016-02-18T18:57:49.625Z"}
{"meta":"someMeta","desgraca":{"msg":"pouca é brinquedo","pqp":"pqp","porra":{"1":"caralho","2":{"bleh":"vai tomar no cu","bleh2":"vai tomar no cu"}}},"level":"four","message":"mensagem custom","timestamp":"2016-02-18T18:57:49.635Z"}
{"meta":"someMeta","desgraca":{"msg":"pouca é brinquedo","pqp":"pqp","porra":{"1":"caralho","2":{"bleh":"vai tomar no cu","bleh2":"vai tomar no cu"}}},"level":"three","message":"mensagem custom","timestamp":"2016-02-18T18:57:49.638Z"}
{"meta":"someMeta","desgraca":{"msg":"pouca é brinquedo","pqp":"pqp","porra":{"1":"caralho","2":{"bleh":"vai tomar no cu","bleh2":"vai tomar no cu"}}},"level":"two","message":"mensagem custom","timestamp":"2016-02-18T18:57:49.640Z"}
{"meta":"someMeta","desgraca":{"msg":"pouca é brinquedo","pqp":"pqp","porra":{"1":"caralho","2":{"bleh":"vai tomar no cu","bleh2":"vai tomar no cu"}}},"level":"one","message":"mensagem custom","timestamp":"2016-02-18T18:57:49.643Z"}
{"meta":"someMeta","desgraca":{"msg":"pouca é brinquedo","pqp":"pqp","porra":{"1":"caralho","2":{"bleh":"vai tomar no cu","bleh2":"vai tomar no cu"}}},"level":"error","message":"mensagem custom","timestamp":"2016-02-18T18:57:49.645Z"}
{"meta":"someMeta","desgraca":{"msg":"pouca é brinquedo","pqp":"pqp","porra":{"1":"caralho","2":{"bleh":"vai tomar no cu","bleh2":"vai tomar no cu"}}},"level":"debug","message":"mensagem custom","timestamp":"2016-02-18T18:58:47.471Z"}
{"meta":"someMeta","desgraca":{"msg":"pouca é brinquedo","pqp":"pqp","porra":{"1":"caralho","2":{"bleh":"vai tomar no cu","bleh2":"vai tomar no cu"}}},"level":"four","message":"mensagem custom","timestamp":"2016-02-18T18:58:47.481Z"}
{"meta":"someMeta","desgraca":{"msg":"pouca é brinquedo","pqp":"pqp","porra":{"1":"caralho","2":{"bleh":"vai tomar no cu","bleh2":"vai tomar no cu"}}},"level":"three","message":"mensagem custom","timestamp":"2016-02-18T18:58:47.484Z"}
{"meta":"someMeta","desgraca":{"msg":"pouca é brinquedo","pqp":"pqp","porra":{"1":"caralho","2":{"bleh":"vai tomar no cu","bleh2":"vai tomar no cu"}}},"level":"two","message":"mensagem custom","timestamp":"2016-02-18T18:58:47.486Z"}
{"meta":"someMeta","desgraca":{"msg":"pouca é brinquedo","pqp":"pqp","porra":{"1":"caralho","2":{"bleh":"vai tomar no cu","bleh2":"vai tomar no cu"}}},"level":"one","message":"mensagem custom","timestamp":"2016-02-18T18:58:47.489Z"}
{"meta":"someMeta","desgraca":{"msg":"pouca é brinquedo","pqp":"pqp","porra":{"1":"caralho","2":{"bleh":"vai tomar no cu","bleh2":"vai tomar no cu"}}},"level":"error","message":"mensagem custom","timestamp":"2016-02-18T18:58:47.491Z"}
{"meta":"someMeta","desgraca":{"msg":"pouca é brinquedo","pqp":"pqp","porra":{"1":"caralho","2":{"bleh":"vai tomar no cu","bleh2":"vai tomar no cu"}}},"level":"debug","message":"mensagem custom","timestamp":"2016-02-18T19:00:43.750Z"}
{"meta":"someMeta","desgraca":{"msg":"pouca é brinquedo","pqp":"pqp","porra":{"1":"caralho","2":{"bleh":"vai tomar no cu","bleh2":"vai tomar no cu"}}},"level":"four","message":"mensagem custom","timestamp":"2016-02-18T19:00:43.761Z"}
{"meta":"someMeta","desgraca":{"msg":"pouca é brinquedo","pqp":"pqp","porra":{"1":"caralho","2":{"bleh":"vai tomar no cu","bleh2":"vai tomar no cu"}}},"level":"three","message":"mensagem custom","timestamp":"2016-02-18T19:00:43.766Z"}
{"meta":"someMeta","desgraca":{"msg":"pouca é brinquedo","pqp":"pqp","porra":{"1":"caralho","2":{"bleh":"vai tomar no cu","bleh2":"vai tomar no cu"}}},"level":"two","message":"mensagem custom","timestamp":"2016-02-18T19:00:43.768Z"}
{"meta":"someMeta","desgraca":{"msg":"pouca é brinquedo","pqp":"pqp","porra":{"1":"caralho","2":{"bleh":"vai tomar no cu","bleh2":"vai tomar no cu"}}},"level":"one","message":"mensagem custom","timestamp":"2016-02-18T19:00:43.771Z"}
{"meta":"someMeta","desgraca":{"msg":"pouca é brinquedo","pqp":"pqp","porra":{"1":"caralho","2":{"bleh":"vai tomar no cu","bleh2":"vai tomar no cu"}}},"level":"error","message":"mensagem custom","timestamp":"2016-02-18T19:00:43.774Z"}
{"meta":"someMeta","desgraca":{"msg":"pouca é brinquedo","pqp":"pqp","porra":{"1":"caralho","2":{"bleh":"vai tomar no cu","bleh2":"vai tomar no cu"}}},"level":"debug","message":"mensagem custom","timestamp":"2016-02-18T19:01:36.507Z"}
{"meta":"someMeta","desgraca":{"msg":"pouca é brinquedo","pqp":"pqp","porra":{"1":"caralho","2":{"bleh":"vai tomar no cu","bleh2":"vai tomar no cu"}}},"level":"four","message":"mensagem custom","timestamp":"2016-02-18T19:01:36.517Z"}
{"meta":"someMeta","desgraca":{"msg":"pouca é brinquedo","pqp":"pqp","porra":{"1":"caralho","2":{"bleh":"vai tomar no cu","bleh2":"vai tomar no cu"}}},"level":"three","message":"mensagem custom","timestamp":"2016-02-18T19:01:36.520Z"}
{"meta":"someMeta","desgraca":{"msg":"pouca é brinquedo","pqp":"pqp","porra":{"1":"caralho","2":{"bleh":"vai tomar no cu","bleh2":"vai tomar no cu"}}},"level":"two","message":"mensagem custom","timestamp":"2016-02-18T19:01:36.522Z"}
{"meta":"someMeta","desgraca":{"msg":"pouca é brinquedo","pqp":"pqp","porra":{"1":"caralho","2":{"bleh":"vai tomar no cu","bleh2":"vai tomar no cu"}}},"level":"one","message":"mensagem custom","timestamp":"2016-02-18T19:01:36.524Z"}
{"meta":"someMeta","desgraca":{"msg":"pouca é brinquedo","pqp":"pqp","porra":{"1":"caralho","2":{"bleh":"vai tomar no cu","bleh2":"vai tomar no cu"}}},"level":"error","message":"mensagem custom","timestamp":"2016-02-18T19:01:36.527Z"}
{"meta":"someMeta","desgraca":{"msg":"pouca é brinquedo","pqp":"pqp","porra":{"1":"caralho","2":{"bleh":"vai tomar no cu","bleh2":"vai tomar no cu"}}},"level":"debug","message":"mensagem custom","timestamp":"2016-02-18T19:02:25.305Z"}
{"meta":"someMeta","desgraca":{"msg":"pouca é brinquedo","pqp":"pqp","porra":{"1":"caralho","2":{"bleh":"vai tomar no cu","bleh2":"vai tomar no cu"}}},"level":"debug","message":"mensagem custom","timestamp":"2016-02-18T19:08:58.998Z"}
{"meta":"someMeta","desgraca":{"msg":"pouca é brinquedo","pqp":"pqp","porra":{"1":"caralho","2":{"bleh":"vai tomar no cu","bleh2":"vai tomar no cu"}}},"level":"debug","message":"mensagem custom","timestamp":"2016-02-18T19:09:12.956Z"}
{"meta":"someMeta","desgraca":{"msg":"pouca é brinquedo","pqp":"pqp","porra":{"1":"caralho","2":{"bleh":"vai tomar no cu","bleh2":"vai tomar no cu"}}},"level":"debug","message":"mensagem custom","timestamp":"2016-02-18T19:09:56.746Z"}
{"meta":"someMeta","desgraca":{"msg":"pouca é brinquedo","pqp":"pqp","porra":{"1":"caralho","2":{"bleh":"vai tomar no cu","bleh2":"vai tomar no cu"}}},"level":"debug","message":"mensagem custom","timestamp":"2016-02-18T19:10:11.417Z"}
{"meta":"someMeta","desgraca":{"msg":"pouca é brinquedo","pqp":"pqp","porra":{"1":"caralho","2":{"bleh":"vai tomar no cu","bleh2":"vai tomar no cu"}}},"level":"debug","message":"mensagem custom","timestamp":"2016-02-18T19:10:39.179Z"}
{"meta":"someMeta","desgraca":{"msg":"pouca é brinquedo","pqp":"pqp","porra":{"1":"caralho","2":{"bleh":"vai tomar no cu","bleh2":"vai tomar no cu"}}},"level":"debug","message":"mensagem custom","timestamp":"2016-02-18T19:11:20.192Z"}
{"meta":"someMeta","desgraca":{"msg":"pouca é brinquedo","pqp":"pqp","porra":{"1":"caralho","2":{"bleh":"vai tomar no cu","bleh2":"vai tomar no cu"}}},"level":"debug","message":"mensagem custom","timestamp":"2016-02-18T19:12:14.514Z"}
{"meta":"someMeta","desgraca":{"msg":"pouca é brinquedo","pqp":"pqp","porra":{"1":"caralho","2":{"bleh":"vai tomar no cu","bleh2":"vai tomar no cu"}}},"level":"debug","message":"mensagem custom","timestamp":"2016-02-18T19:12:25.371Z"}
{"meta":"someMeta","desgraca":{"msg":"pouca é brinquedo","pqp":"pqp","porra":{"1":"caralho","2":{"bleh":"vai tomar no cu","bleh2":"vai tomar no cu"}}},"level":"debug","message":"mensagem custom","timestamp":"2016-02-18T19:13:00.904Z"}
{"meta":"someMeta","desgraca":{"msg":"pouca é brinquedo","pqp":"pqp","porra":{"1":"caralho","2":{"bleh":"vai tomar no cu","bleh2":"vai tomar no cu"}}},"level":"error","message":"mensagem custom","timestamp":"2016-02-18T19:13:21.192Z"}
{"meta":"someMeta","desgraca":{"msg":"pouca é brinquedo","pqp":"pqp","porra":{"1":"caralho","2":{"bleh":"vai tomar no cu","bleh2":"vai tomar no cu"}}},"level":"error","message":"mensagem custom","timestamp":"2016-02-18T19:18:51.028Z"}
{"meta":"someMeta","desgraca":{"msg":"pouca é brinquedo","pqp":"pqp","porra":{"1":"caralho","2":{"bleh":"vai tomar no cu","bleh2":"vai tomar no cu"}}},"level":"error","message":"mensagem custom","timestamp":"2016-02-18T19:19:21.645Z"}
{"meta":"someMeta","desgraca":{"msg":"pouca é brinquedo","pqp":"pqp","porra":{"1":"caralho","2":{"bleh":"vai tomar no cu","bleh2":"vai tomar no cu"}}},"level":"error","message":"mensagem custom","timestamp":"2016-02-18T19:19:44.462Z"}
{"meta":"someMeta","desgraca":{"msg":"pouca é brinquedo","pqp":"pqp","porra":{"1":"caralho","2":{"bleh":"vai tomar no cu","bleh2":"vai tomar no cu"}}},"level":"error","message":"mensagem custom","timestamp":"2016-02-18T19:22:10.956Z"}
{"meta":"someMeta","desgraca":{"msg":"pouca é brinquedo","pqp":"pqp","porra":{"1":"caralho","2":{"bleh":"vai tomar no cu","bleh2":"vai tomar no cu"}}},"level":"error","message":"mensagem custom","timestamp":"2016-02-18T19:22:45.179Z"}
{"meta":"someMeta","desgraca":{"msg":"pouca é brinquedo","pqp":"pqp","porra":{"1":"caralho","2":{"bleh":"vai tomar no cu","bleh2":"vai tomar no cu"}}},"level":"error","message":"mensagem custom","timestamp":"2016-02-18T19:27:01.228Z"}
{"meta":"someMeta","desgraca":{"msg":"pouca é brinquedo","pqp":"pqp","porra":{"1":"caralho","2":{"bleh":"vai tomar no cu","bleh2":"vai tomar no cu"}}},"level":"error","message":"mensagem custom","timestamp":"2016-02-18T19:27:21.142Z"}
{"meta":"someMeta","desgraca":{"msg":"pouca é brinquedo","pqp":"pqp","porra":{"1":"caralho","2":{"bleh":"vai tomar no cu","bleh2":"vai tomar no cu"}}},"level":"error","message":"mensagem custom","timestamp":"2016-02-18T19:28:47.103Z"}
{"meta":"someMeta","desgraca":{"msg":"pouca é brinquedo","pqp":"pqp","porra":{"1":"caralho","2":{"bleh":"vai tomar no cu","bleh2":"vai tomar no cu"}}},"level":"error","message":"mensagem custom","timestamp":"2016-02-18T19:29:07.681Z"}
{"meta":"someMeta","desgraca":{"msg":"pouca é brinquedo","pqp":"pqp","porra":{"1":"caralho","2":{"bleh":"vai tomar no cu","bleh2":"vai tomar no cu"}}},"level":"error","message":"mensagem custom","timestamp":"2016-02-18T19:31:55.288Z"}
{"meta":"someMeta","desgraca":{"msg":"pouca é brinquedo","pqp":"pqp","porra":{"1":"caralho","2":{"bleh":"vai tomar no cu","bleh2":"vai tomar no cu"}}},"level":"error","message":"mensagem custom","timestamp":"2016-02-18T19:33:58.404Z"}
{"meta":"someMeta","desgraca":{"msg":"pouca é brinquedo","pqp":"pqp","porra":{"1":"caralho","2":{"bleh":"vai tomar no cu","bleh2":"vai tomar no cu"}}},"level":"error","message":"mensagem custom","timestamp":"2016-02-18T19:34:44.012Z"}
{"meta":"someMeta","desgraca":{"msg":"pouca é brinquedo","pqp":"pqp","porra":{"1":"caralho","2":{"bleh":"vai tomar no cu","bleh2":"vai tomar no cu"}}},"level":"error","message":"mensagem custom","timestamp":"2016-02-18T19:39:15.920Z"}
{"meta":"someMeta","desgraca":{"msg":"pouca é brinquedo","pqp":"pqp","porra":{"1":"caralho","2":{"bleh":"vai tomar no cu","bleh2":"vai tomar no cu"}}},"level":"error","message":"mensagem custom","timestamp":"2016-02-18T19:40:07.694Z"}
{"meta":"someMeta","desgraca":{"msg":"pouca é brinquedo","pqp":"pqp","porra":{"1":"caralho","2":{"bleh":"vai tomar no cu","bleh2":"vai tomar no cu"}}},"level":"error","message":"mensagem custom","timestamp":"2016-02-18T19:40:52.912Z"}
{"meta":"someMeta","desgraca":{"msg":"pouca é brinquedo","pqp":"pqp","porra":{"1":"caralho","2":{"bleh":"vai tomar no cu","bleh2":"vai tomar no cu"}}},"level":"error","message":"mensagem custom","timestamp":"2016-02-18T19:40:58.157Z"}
{"meta":"someMeta","desgraca":{"msg":"pouca é brinquedo","pqp":"pqp","porra":{"1":"caralho","2":{"bleh":"vai tomar no cu","bleh2":"vai tomar no cu"}}},"level":"error","message":"mensagem custom","timestamp":"2016-02-18T19:41:16.326Z"}
{"meta":"someMeta","desgraca":{"msg":"pouca é brinquedo","pqp":"pqp","porra":{"1":"caralho","2":{"bleh":"vai tomar no cu","bleh2":"vai tomar no cu"}}},"level":"error","message":"mensagem custom","timestamp":"2016-02-18T19:41:24.125Z"}
{"meta":"someMeta","desgraca":{"msg":"pouca é brinquedo","pqp":"pqp","porra":{"1":"caralho","2":{"bleh":"vai tomar no cu","bleh2":"vai tomar no cu"}}},"level":"error","message":"mensagem custom","timestamp":"2016-02-18T19:41:34.245Z"}
{"meta":"someMeta","desgraca":{"msg":"pouca é brinquedo","pqp":"pqp","porra":{"1":"caralho","2":{"bleh":"vai tomar no cu","bleh2":"vai tomar no cu"}}},"level":"error","message":"mensagem custom","timestamp":"2016-02-18T19:47:14.024Z"}
{"meta":"someMeta","desgraca":{"msg":"pouca é brinquedo","pqp":"pqp","porra":{"1":"caralho","2":{"bleh":"vai tomar no cu","bleh2":"vai tomar no cu"}}},"level":"error","message":"mensagem custom","timestamp":"2016-02-18T19:47:41.617Z"}
{"meta":"someMeta","desgraca":{"msg":"pouca é brinquedo","pqp":"pqp","porra":{"1":"caralho","2":{"bleh":"vai tomar no cu","bleh2":"vai tomar no cu"}}},"level":"error","message":"mensagem custom","timestamp":"2016-02-18T19:47:51.051Z"}
{"meta":"someMeta","desgraca":{"msg":"pouca é brinquedo","pqp":"pqp","porra":{"1":"caralho","2":{"bleh":"vai tomar no cu","bleh2":"vai tomar no cu"}}},"level":"error","message":"mensagem custom","timestamp":"2016-02-18T19:52:54.785Z"}
{"meta":"someMeta","desgraca":{"msg":"pouca é brinquedo","pqp":"pqp","porra":{"1":"caralho","2":{"bleh":"vai tomar no cu","bleh2":"vai tomar no cu"}}},"level":"error","message":"mensagem custom","timestamp":"2016-02-18T19:53:39.830Z"}
{"meta":"someMeta","desgraca":{"msg":"pouca é brinquedo","pqp":"pqp","porra":{"1":"caralho","2":{"bleh":"vai tomar no cu","bleh2":"vai tomar no cu"}}},"level":"error","message":"mensagem custom","timestamp":"2016-02-18T19:54:15.935Z"}
{"meta":"someMeta","desgraca":{"msg":"pouca é brinquedo","pqp":"pqp","porra":{"1":"caralho","2":{"bleh":"vai tomar no cu","bleh2":"vai tomar no cu"}}},"level":"debug","message":"mensagem custom","timestamp":"2016-02-18T19:55:39.185Z"}
{"meta":"someMeta","desgraca":{"msg":"pouca é brinquedo","pqp":"pqp","porra":{"1":"caralho","2":{"bleh":"vai tomar no cu","bleh2":"vai tomar no cu"}}},"level":"debug","message":"mensagem custom","timestamp":"2016-02-18T19:58:19.241Z"}
{"meta":"someMeta","desgraca":{"msg":"pouca é brinquedo","pqp":"pqp","porra":{"1":"caralho","2":{"bleh":"vai tomar no cu","bleh2":"vai tomar no cu"}}},"level":"debug","message":"mensagem custom","timestamp":"2016-02-18T19:58:37.945Z"}
{"meta":"someMeta","desgraca":{"msg":"pouca é brinquedo","pqp":"pqp","porra":{"1":"caralho","2":{"bleh":"vai tomar no cu","bleh2":"vai tomar no cu"}}},"level":"debug","message":"mensagem custom","timestamp":"2016-02-18T19:59:21.087Z"}
{"meta":"someMeta","desgraca":{"msg":"pouca é brinquedo","pqp":"pqp","porra":{"1":"caralho","2":{"bleh":"vai tomar no cu","bleh2":"vai tomar no cu"}}},"level":"debug","message":"mensagem custom","timestamp":"2016-02-18T19:59:31.832Z"}
{"meta":"someMeta","desgraca":{"msg":"pouca é brinquedo","pqp":"pqp","porra":{"1":"caralho","2":{"bleh":"vai tomar no cu","bleh2":"vai tomar no cu"}}},"level":"debug","message":"mensagem custom","timestamp":"2016-02-18T20:02:59.894Z"}
{"meta":"someMeta","desgraca":{"msg":"pouca é brinquedo","pqp":"pqp","porra":{"1":"caralho","2":{"bleh":"vai tomar no cu","bleh2":"vai tomar no cu"}}},"level":"debug","message":"mensagem custom","timestamp":"2016-02-18T20:03:22.779Z"}
{"meta":"someMeta","desgraca":{"msg":"pouca é brinquedo","pqp":"pqp","porra":{"1":"caralho","2":{"bleh":"vai tomar no cu","bleh2":"vai tomar no cu"}}},"level":"debug","message":"mensagem custom","timestamp":"2016-02-18T20:03:53.093Z"}
