[31mERROR[39m Overriding 'Express' logger
	{"meta":"someMeta","desgraca":"pouca é brinquedo"}
[33mWARN[39m Overriding 'Express' logger
	{"meta":"someMeta","desgraca":"pouca é brinquedo"}
[32mINFO[39m Overriding 'Express' logger
	{"meta":"someMeta","desgraca":"pouca é brinquedo"}
[36mVERBOSE[39m Overriding 'Express' logger
	{"meta":"someMeta","desgraca":"pouca é brinquedo"}
[34mDEBUG[39m Overriding 'Express' logger
	{"meta":"someMeta","desgraca":"pouca é brinquedo"}
{"meta":"someMeta","desgraca":"pouca é brinquedo","level":"error","message":"Overriding 'Express' logger","timestamp":"2016-02-17T19:37:11.520Z"}
{"meta":"someMeta","desgraca":"pouca é brinquedo","level":"warn","message":"Overriding 'Express' logger","timestamp":"2016-02-17T19:37:11.540Z"}
{"meta":"someMeta","desgraca":"pouca é brinquedo","level":"info","message":"Overriding 'Express' logger","timestamp":"2016-02-17T19:37:11.545Z"}
{"meta":"someMeta","desgraca":"pouca é brinquedo","level":"verbose","message":"Overriding 'Express' logger","timestamp":"2016-02-17T19:37:11.547Z"}
{"meta":"someMeta","desgraca":"pouca é brinquedo","level":"debug","message":"Overriding 'Express' logger","timestamp":"2016-02-17T19:37:11.549Z"}
{"meta":"someMeta","desgraca":"pouca é brinquedo","level":"error","message":"Overriding 'Express' logger","timestamp":"2016-02-17T19:37:43.104Z"}
{"meta":"someMeta","desgraca":"pouca é brinquedo","level":"warn","message":"Overriding 'Express' logger","timestamp":"2016-02-17T19:37:43.114Z"}
{"meta":"someMeta","desgraca":"pouca é brinquedo","level":"info","message":"Overriding 'Express' logger","timestamp":"2016-02-17T19:37:43.119Z"}
{"meta":"someMeta","desgraca":"pouca é brinquedo","level":"verbose","message":"Overriding 'Express' logger","timestamp":"2016-02-17T19:37:43.121Z"}
{"meta":"someMeta","desgraca":"pouca é brinquedo","level":"debug","message":"Overriding 'Express' logger","timestamp":"2016-02-17T19:37:43.122Z"}
{"meta":"someMeta","desgraca":"pouca é brinquedo","level":"error","message":"Overriding 'Express' logger","timestamp":"2016-02-17T19:38:32.049Z"}
{"meta":"someMeta","desgraca":"pouca é brinquedo","level":"warn","message":"Overriding 'Express' logger","timestamp":"2016-02-17T19:38:32.061Z"}
{"meta":"someMeta","desgraca":"pouca é brinquedo","level":"info","message":"Overriding 'Express' logger","timestamp":"2016-02-17T19:38:32.065Z"}
{"meta":"someMeta","desgraca":"pouca é brinquedo","level":"verbose","message":"Overriding 'Express' logger","timestamp":"2016-02-17T19:38:32.068Z"}
{"meta":"someMeta","desgraca":"pouca é brinquedo","level":"debug","message":"Overriding 'Express' logger","timestamp":"2016-02-17T19:38:32.069Z"}
{"meta":"someMeta","desgraca":"pouca é brinquedo","level":"error","message":"Overriding 'Express' logger","timestamp":"2016-02-17T19:38:55.070Z"}
{"meta":"someMeta","desgraca":"pouca é brinquedo","level":"warn","message":"Overriding 'Express' logger","timestamp":"2016-02-17T19:38:55.088Z"}
{"meta":"someMeta","desgraca":"pouca é brinquedo","level":"info","message":"Overriding 'Express' logger","timestamp":"2016-02-17T19:38:55.093Z"}
{"meta":"someMeta","desgraca":"pouca é brinquedo","level":"verbose","message":"Overriding 'Express' logger","timestamp":"2016-02-17T19:38:55.095Z"}
{"meta":"someMeta","desgraca":"pouca é brinquedo","level":"debug","message":"Overriding 'Express' logger","timestamp":"2016-02-17T19:38:55.097Z"}
{"meta":"someMeta","desgraca":"pouca é brinquedo","level":"error","message":"Overriding 'Express' logger","timestamp":"2016-02-17T19:39:31.917Z"}
{"meta":"someMeta","desgraca":"pouca é brinquedo","level":"warn","message":"Overriding 'Express' logger","timestamp":"2016-02-17T19:39:31.928Z"}
{"meta":"someMeta","desgraca":"pouca é brinquedo","level":"info","message":"Overriding 'Express' logger","timestamp":"2016-02-17T19:39:31.932Z"}
{"meta":"someMeta","desgraca":"pouca é brinquedo","level":"verbose","message":"Overriding 'Express' logger","timestamp":"2016-02-17T19:39:31.934Z"}
{"meta":"someMeta","desgraca":"pouca é brinquedo","level":"debug","message":"Overriding 'Express' logger","timestamp":"2016-02-17T19:39:31.935Z"}
{"meta":"someMeta","desgraca":"pouca é brinquedo","level":"error","message":"Overriding 'Express' logger","timestamp":"2016-02-17T19:41:32.424Z"}
{"meta":"someMeta","desgraca":"pouca é brinquedo","level":"warn","message":"Overriding 'Express' logger","timestamp":"2016-02-17T19:41:32.438Z"}
{"meta":"someMeta","desgraca":"pouca é brinquedo","level":"info","message":"Overriding 'Express' logger","timestamp":"2016-02-17T19:41:32.442Z"}
{"meta":"someMeta","desgraca":"pouca é brinquedo","level":"verbose","message":"Overriding 'Express' logger","timestamp":"2016-02-17T19:41:32.445Z"}
{"meta":"someMeta","desgraca":"pouca é brinquedo","level":"debug","message":"Overriding 'Express' logger","timestamp":"2016-02-17T19:41:32.446Z"}
{"meta":"someMeta","desgraca":"pouca é brinquedo","level":"error","message":"Overriding 'Express' logger","timestamp":"2016-02-17T19:48:06.412Z"}
{"meta":"someMeta","desgraca":"pouca é brinquedo","level":"warn","message":"Overriding 'Express' logger","timestamp":"2016-02-17T19:48:06.423Z"}
{"meta":"someMeta","desgraca":"pouca é brinquedo","level":"info","message":"Overriding 'Express' logger","timestamp":"2016-02-17T19:48:06.428Z"}
{"meta":"someMeta","desgraca":"pouca é brinquedo","level":"verbose","message":"Overriding 'Express' logger","timestamp":"2016-02-17T19:48:06.430Z"}
{"meta":"someMeta","desgraca":"pouca é brinquedo","level":"debug","message":"Overriding 'Express' logger","timestamp":"2016-02-17T19:48:06.431Z"}
{"meta":"someMeta","desgraca":"pouca é brinquedo","level":"error","message":"Overriding 'Express' logger","timestamp":"2016-02-17T19:48:16.171Z"}
{"meta":"someMeta","desgraca":"pouca é brinquedo","level":"warn","message":"Overriding 'Express' logger","timestamp":"2016-02-17T19:48:16.182Z"}
{"meta":"someMeta","desgraca":"pouca é brinquedo","level":"info","message":"Overriding 'Express' logger","timestamp":"2016-02-17T19:48:16.186Z"}
{"meta":"someMeta","desgraca":"pouca é brinquedo","level":"verbose","message":"Overriding 'Express' logger","timestamp":"2016-02-17T19:48:16.189Z"}
{"meta":"someMeta","desgraca":"pouca é brinquedo","level":"debug","message":"Overriding 'Express' logger","timestamp":"2016-02-17T19:48:16.190Z"}
{"meta":"someMeta","desgraca":"pouca é brinquedo","level":"error","message":"Overriding 'Express' logger","timestamp":"2016-02-17T19:50:12.532Z"}
{"meta":"someMeta","desgraca":"pouca é brinquedo","level":"warn","message":"Overriding 'Express' logger","timestamp":"2016-02-17T19:50:12.541Z"}
{"meta":"someMeta","desgraca":"pouca é brinquedo","level":"info","message":"Overriding 'Express' logger","timestamp":"2016-02-17T19:50:12.545Z"}
{"meta":"someMeta","desgraca":"pouca é brinquedo","level":"verbose","message":"Overriding 'Express' logger","timestamp":"2016-02-17T19:50:12.548Z"}
{"meta":"someMeta","desgraca":"pouca é brinquedo","level":"debug","message":"Overriding 'Express' logger","timestamp":"2016-02-17T19:50:12.549Z"}
{"meta":"someMeta","desgraca":"pouca é brinquedo","level":"error","message":"Overriding 'Express' logger","timestamp":"2016-02-17T19:51:16.017Z"}
{"meta":"someMeta","desgraca":"pouca é brinquedo","level":"warn","message":"Overriding 'Express' logger","timestamp":"2016-02-17T19:51:16.029Z"}
{"meta":"someMeta","desgraca":"pouca é brinquedo","level":"info","message":"Overriding 'Express' logger","timestamp":"2016-02-17T19:51:16.033Z"}
{"meta":"someMeta","desgraca":"pouca é brinquedo","level":"verbose","message":"Overriding 'Express' logger","timestamp":"2016-02-17T19:51:16.036Z"}
{"meta":"someMeta","desgraca":"pouca é brinquedo","level":"debug","message":"Overriding 'Express' logger","timestamp":"2016-02-17T19:51:16.036Z"}
{"meta":"someMeta","desgraca":"pouca é brinquedo","level":"error","message":"Overriding 'Express' logger","timestamp":"2016-02-17T19:51:31.595Z"}
{"meta":"someMeta","desgraca":"pouca é brinquedo","level":"warn","message":"Overriding 'Express' logger","timestamp":"2016-02-17T19:51:31.604Z"}
{"meta":"someMeta","desgraca":"pouca é brinquedo","level":"info","message":"Overriding 'Express' logger","timestamp":"2016-02-17T19:51:31.609Z"}
{"meta":"someMeta","desgraca":"pouca é brinquedo","level":"verbose","message":"Overriding 'Express' logger","timestamp":"2016-02-17T19:51:31.611Z"}
{"meta":"someMeta","desgraca":"pouca é brinquedo","level":"debug","message":"Overriding 'Express' logger","timestamp":"2016-02-17T19:51:31.612Z"}
{"meta":"someMeta","desgraca":"pouca é brinquedo","level":"error","message":"Overriding 'Express' logger","timestamp":"2016-02-17T19:51:55.643Z"}
{"meta":"someMeta","desgraca":"pouca é brinquedo","level":"warn","message":"Overriding 'Express' logger","timestamp":"2016-02-17T19:51:55.653Z"}
{"meta":"someMeta","desgraca":"pouca é brinquedo","level":"info","message":"Overriding 'Express' logger","timestamp":"2016-02-17T19:51:55.657Z"}
{"meta":"someMeta","desgraca":"pouca é brinquedo","level":"verbose","message":"Overriding 'Express' logger","timestamp":"2016-02-17T19:51:55.659Z"}
{"meta":"someMeta","desgraca":"pouca é brinquedo","level":"debug","message":"Overriding 'Express' logger","timestamp":"2016-02-17T19:51:55.661Z"}
{"meta":"someMeta","desgraca":"pouca é brinquedo","level":"error","message":"Overriding 'Express' logger","timestamp":"2016-02-17T19:52:00.130Z"}
{"meta":"someMeta","desgraca":"pouca é brinquedo","level":"warn","message":"Overriding 'Express' logger","timestamp":"2016-02-17T19:52:00.141Z"}
{"meta":"someMeta","desgraca":"pouca é brinquedo","level":"info","message":"Overriding 'Express' logger","timestamp":"2016-02-17T19:52:00.145Z"}
{"meta":"someMeta","desgraca":"pouca é brinquedo","level":"verbose","message":"Overriding 'Express' logger","timestamp":"2016-02-17T19:52:00.148Z"}
{"meta":"someMeta","desgraca":"pouca é brinquedo","level":"debug","message":"Overriding 'Express' logger","timestamp":"2016-02-17T19:52:00.149Z"}
{"meta":"someMeta","desgraca":"pouca é brinquedo","level":"error","message":"Overriding 'Express' logger","timestamp":"2016-02-17T19:52:04.189Z"}
{"meta":"someMeta","desgraca":"pouca é brinquedo","level":"warn","message":"Overriding 'Express' logger","timestamp":"2016-02-17T19:52:04.199Z"}
{"meta":"someMeta","desgraca":"pouca é brinquedo","level":"info","message":"Overriding 'Express' logger","timestamp":"2016-02-17T19:52:04.203Z"}
{"meta":"someMeta","desgraca":"pouca é brinquedo","level":"verbose","message":"Overriding 'Express' logger","timestamp":"2016-02-17T19:52:04.206Z"}
{"meta":"someMeta","desgraca":"pouca é brinquedo","level":"debug","message":"Overriding 'Express' logger","timestamp":"2016-02-17T19:52:04.207Z"}
{"meta":"someMeta","desgraca":"pouca é brinquedo","level":"error","message":"Overriding 'Express' logger","timestamp":"2016-02-17T19:52:08.566Z"}
{"meta":"someMeta","desgraca":"pouca é brinquedo","level":"warn","message":"Overriding 'Express' logger","timestamp":"2016-02-17T19:52:08.577Z"}
{"meta":"someMeta","desgraca":"pouca é brinquedo","level":"info","message":"Overriding 'Express' logger","timestamp":"2016-02-17T19:52:08.581Z"}
{"meta":"someMeta","desgraca":"pouca é brinquedo","level":"verbose","message":"Overriding 'Express' logger","timestamp":"2016-02-17T19:52:08.583Z"}
{"meta":"someMeta","desgraca":"pouca é brinquedo","level":"debug","message":"Overriding 'Express' logger","timestamp":"2016-02-17T19:52:08.584Z"}
{"meta":"someMeta","desgraca":"pouca é brinquedo","level":"error","message":"Overriding 'Express' logger","timestamp":"2016-02-17T19:52:13.976Z"}
{"meta":"someMeta","desgraca":"pouca é brinquedo","level":"warn","message":"Overriding 'Express' logger","timestamp":"2016-02-17T19:52:13.987Z"}
{"meta":"someMeta","desgraca":"pouca é brinquedo","level":"info","message":"Overriding 'Express' logger","timestamp":"2016-02-17T19:52:13.991Z"}
{"meta":"someMeta","desgraca":"pouca é brinquedo","level":"verbose","message":"Overriding 'Express' logger","timestamp":"2016-02-17T19:52:13.994Z"}
{"meta":"someMeta","desgraca":"pouca é brinquedo","level":"debug","message":"Overriding 'Express' logger","timestamp":"2016-02-17T19:52:13.995Z"}
{"meta":"someMeta","desgraca":"pouca é brinquedo","level":"error","message":"Overriding 'Express' logger","timestamp":"2016-02-17T19:52:37.202Z"}
{"meta":"someMeta","desgraca":"pouca é brinquedo","level":"warn","message":"Overriding 'Express' logger","timestamp":"2016-02-17T19:52:37.211Z"}
{"meta":"someMeta","desgraca":"pouca é brinquedo","level":"info","message":"Overriding 'Express' logger","timestamp":"2016-02-17T19:52:37.216Z"}
{"meta":"someMeta","desgraca":"pouca é brinquedo","level":"verbose","message":"Overriding 'Express' logger","timestamp":"2016-02-17T19:52:37.218Z"}
{"meta":"someMeta","desgraca":"pouca é brinquedo","level":"debug","message":"Overriding 'Express' logger","timestamp":"2016-02-17T19:52:37.219Z"}
{"meta":"someMeta","desgraca":"pouca é brinquedo","level":"error","message":"Overriding 'Express' logger","timestamp":"2016-02-17T19:52:45.524Z"}
{"meta":"someMeta","desgraca":"pouca é brinquedo","level":"warn","message":"Overriding 'Express' logger","timestamp":"2016-02-17T19:52:45.536Z"}
{"meta":"someMeta","desgraca":"pouca é brinquedo","level":"info","message":"Overriding 'Express' logger","timestamp":"2016-02-17T19:52:45.541Z"}
{"meta":"someMeta","desgraca":"pouca é brinquedo","level":"verbose","message":"Overriding 'Express' logger","timestamp":"2016-02-17T19:52:45.544Z"}
{"meta":"someMeta","desgraca":"pouca é brinquedo","level":"debug","message":"Overriding 'Express' logger","timestamp":"2016-02-17T19:52:45.545Z"}
{"meta":"someMeta","desgraca":"pouca é brinquedo","level":"error","message":"Overriding 'Express' logger","timestamp":"2016-02-17T19:53:00.659Z"}
{"meta":"someMeta","desgraca":"pouca é brinquedo","level":"warn","message":"Overriding 'Express' logger","timestamp":"2016-02-17T19:53:00.669Z"}
{"meta":"someMeta","desgraca":"pouca é brinquedo","level":"info","message":"Overriding 'Express' logger","timestamp":"2016-02-17T19:53:00.673Z"}
{"meta":"someMeta","desgraca":"pouca é brinquedo","level":"verbose","message":"Overriding 'Express' logger","timestamp":"2016-02-17T19:53:00.675Z"}
{"meta":"someMeta","desgraca":"pouca é brinquedo","level":"debug","message":"Overriding 'Express' logger","timestamp":"2016-02-17T19:53:00.676Z"}
{"meta":"someMeta","desgraca":"pouca é brinquedo","level":"error","message":"Overriding 'Express' logger","timestamp":"2016-02-17T19:53:05.857Z"}
{"meta":"someMeta","desgraca":"pouca é brinquedo","level":"warn","message":"Overriding 'Express' logger","timestamp":"2016-02-17T19:53:05.867Z"}
{"meta":"someMeta","desgraca":"pouca é brinquedo","level":"info","message":"Overriding 'Express' logger","timestamp":"2016-02-17T19:53:05.871Z"}
{"meta":"someMeta","desgraca":"pouca é brinquedo","level":"verbose","message":"Overriding 'Express' logger","timestamp":"2016-02-17T19:53:05.874Z"}
{"meta":"someMeta","desgraca":"pouca é brinquedo","level":"debug","message":"Overriding 'Express' logger","timestamp":"2016-02-17T19:53:05.875Z"}
{"meta":"someMeta","desgraca":"pouca é brinquedo","level":"error","message":"Overriding 'Express' logger","timestamp":"2016-02-17T19:56:50.093Z"}
{"meta":"someMeta","desgraca":"pouca é brinquedo","level":"warn","message":"Overriding 'Express' logger","timestamp":"2016-02-17T19:56:50.105Z"}
{"meta":"someMeta","desgraca":"pouca é brinquedo","level":"info","message":"Overriding 'Express' logger","timestamp":"2016-02-17T19:56:50.110Z"}
{"meta":"someMeta","desgraca":"pouca é brinquedo","level":"verbose","message":"Overriding 'Express' logger","timestamp":"2016-02-17T19:56:50.112Z"}
{"meta":"someMeta","desgraca":"pouca é brinquedo","level":"debug","message":"Overriding 'Express' logger","timestamp":"2016-02-17T19:56:50.113Z"}
{"meta":"someMeta","desgraca":"pouca é brinquedo","level":"error","message":"Overriding 'Express' logger","timestamp":"2016-02-17T19:57:36.194Z"}
{"meta":"someMeta","desgraca":"pouca é brinquedo","level":"warn","message":"Overriding 'Express' logger","timestamp":"2016-02-17T19:57:36.203Z"}
{"meta":"someMeta","desgraca":"pouca é brinquedo","level":"info","message":"Overriding 'Express' logger","timestamp":"2016-02-17T19:57:36.207Z"}
{"meta":"someMeta","desgraca":"pouca é brinquedo","level":"verbose","message":"Overriding 'Express' logger","timestamp":"2016-02-17T19:57:36.210Z"}
{"meta":"someMeta","desgraca":"pouca é brinquedo","level":"debug","message":"Overriding 'Express' logger","timestamp":"2016-02-17T19:57:36.211Z"}
{"meta":"someMeta","desgraca":"pouca é brinquedo","level":"error","message":"Overriding 'Express' logger","timestamp":"2016-02-17T19:59:12.875Z"}
{"meta":"someMeta","desgraca":"pouca é brinquedo","level":"warn","message":"Overriding 'Express' logger","timestamp":"2016-02-17T19:59:12.887Z"}
{"meta":"someMeta","desgraca":"pouca é brinquedo","level":"info","message":"Overriding 'Express' logger","timestamp":"2016-02-17T19:59:12.891Z"}
{"meta":"someMeta","desgraca":"pouca é brinquedo","level":"verbose","message":"Overriding 'Express' logger","timestamp":"2016-02-17T19:59:12.895Z"}
{"meta":"someMeta","desgraca":"pouca é brinquedo","level":"debug","message":"Overriding 'Express' logger","timestamp":"2016-02-17T19:59:12.896Z"}
{"meta":"someMeta","desgraca":"pouca é brinquedo","level":"error","message":"Overriding 'Express' logger","timestamp":"2016-02-17T19:59:47.361Z"}
{"meta":"someMeta","desgraca":"pouca é brinquedo","level":"warn","message":"Overriding 'Express' logger","timestamp":"2016-02-17T19:59:47.372Z"}
{"meta":"someMeta","desgraca":"pouca é brinquedo","level":"info","message":"Overriding 'Express' logger","timestamp":"2016-02-17T19:59:47.376Z"}
{"meta":"someMeta","desgraca":"pouca é brinquedo","level":"verbose","message":"Overriding 'Express' logger","timestamp":"2016-02-17T19:59:47.379Z"}
{"meta":"someMeta","desgraca":"pouca é brinquedo","level":"debug","message":"Overriding 'Express' logger","timestamp":"2016-02-17T19:59:47.380Z"}
{"meta":"someMeta","desgraca":"pouca é brinquedo","level":"error","message":"Overriding 'Express' logger","timestamp":"2016-02-17T20:00:11.823Z"}
{"meta":"someMeta","desgraca":"pouca é brinquedo","level":"warn","message":"Overriding 'Express' logger","timestamp":"2016-02-17T20:00:11.835Z"}
{"meta":"someMeta","desgraca":"pouca é brinquedo","level":"info","message":"Overriding 'Express' logger","timestamp":"2016-02-17T20:00:11.840Z"}
{"meta":"someMeta","desgraca":"pouca é brinquedo","level":"verbose","message":"Overriding 'Express' logger","timestamp":"2016-02-17T20:00:11.844Z"}
{"meta":"someMeta","desgraca":"pouca é brinquedo","level":"debug","message":"Overriding 'Express' logger","timestamp":"2016-02-17T20:00:11.845Z"}
{"meta":"someMeta","desgraca":"pouca é brinquedo","level":"error","message":"Overriding 'Express' logger","timestamp":"2016-02-17T20:01:43.074Z"}
{"meta":"someMeta","desgraca":"pouca é brinquedo","level":"warn","message":"Overriding 'Express' logger","timestamp":"2016-02-17T20:01:43.085Z"}
{"meta":"someMeta","desgraca":"pouca é brinquedo","level":"info","message":"Overriding 'Express' logger","timestamp":"2016-02-17T20:01:43.089Z"}
{"meta":"someMeta","desgraca":"pouca é brinquedo","level":"verbose","message":"Overriding 'Express' logger","timestamp":"2016-02-17T20:01:43.091Z"}
{"meta":"someMeta","desgraca":"pouca é brinquedo","level":"debug","message":"Overriding 'Express' logger","timestamp":"2016-02-17T20:01:43.093Z"}
